Build started 27.10.2019 23:23:05.
     1>Project "D:\Studia\SG Systemy Graficzne\L4 GLSL Tesselation Stud\tessmodes.vcxproj" on node 2 (Build target(s)).
     1>ClCompile:
         D:\Programy\Visual Studio 2012 Express\VC\bin\CL.exe /c /ZI /nologo /W3 /WX- /Od /Oy- /D WIN32 /D _DEBUG /D _WINDOWS /D _UNICODE /D UNICODE /Gm /EHsc /RTC1 /MDd /GS /fp:precise /Zc:wchar_t /Zc:forScope /Fo"tessmodes_Debug\\" /Fd"tessmodes_Debug\vc110.pdb" /Gd /TP /analyze- /errorReport:prompt TesselationModes.cpp
         TesselationModes.cpp
     1>d:\studia\sg systemy graficzne\shared6\include\sb6.h(160): warning C4996: 'strcpy': This function or variable may be unsafe. Consider using strcpy_s instead. To disable deprecation, use _CRT_SECURE_NO_WARNINGS. See online help for details.
                 d:\programy\visual studio 2012 express\vc\include\string.h(110) : see declaration of 'strcpy'
     1>d:\studia\sg systemy graficzne\l4 glsl tesselation stud\tesselationmodes.cpp(105): warning C4996: 'sprintf': This function or variable may be unsafe. Consider using sprintf_s instead. To disable deprecation, use _CRT_SECURE_NO_WARNINGS. See online help for details.
                 d:\programy\visual studio 2012 express\vc\include\stdio.h(357) : see declaration of 'sprintf'
     1>d:\studia\sg systemy graficzne\l4 glsl tesselation stud\tesselationmodes.cpp(118): warning C4996: 'sprintf': This function or variable may be unsafe. Consider using sprintf_s instead. To disable deprecation, use _CRT_SECURE_NO_WARNINGS. See online help for details.
                 d:\programy\visual studio 2012 express\vc\include\stdio.h(357) : see declaration of 'sprintf'
     1>d:\studia\sg systemy graficzne\l4 glsl tesselation stud\tesselationmodes.cpp(196): warning C4101: 'uniformLoc' : unreferenced local variable
     1>d:\studia\sg systemy graficzne\l4 glsl tesselation stud\tesselationmodes.cpp(284): warning C4996: 'sprintf': This function or variable may be unsafe. Consider using sprintf_s instead. To disable deprecation, use _CRT_SECURE_NO_WARNINGS. See online help for details.
                 d:\programy\visual studio 2012 express\vc\include\stdio.h(357) : see declaration of 'sprintf'
       Link:
         D:\Programy\Visual Studio 2012 Express\VC\bin\link.exe /ERRORREPORT:PROMPT /OUT:"D:\Studia\SG Systemy Graficzne\L4 GLSL Tesselation Stud\Debug\tessmodes_dbg.exe" /INCREMENTAL /NOLOGO kernel32.lib user32.lib gdi32.lib winspool.lib comdlg32.lib advapi32.lib shell32.lib ole32.lib oleaut32.lib uuid.lib odbc32.lib odbccp32.lib /MANIFEST /MANIFESTUAC:"level='asInvoker' uiAccess='false'" /manifest:embed /DEBUG /PDB:"D:\Studia\SG Systemy Graficzne\L4 GLSL Tesselation Stud\Debug\tessmodes_dbg.pdb" /SUBSYSTEM:WINDOWS /TLBID:1 /DYNAMICBASE /NXCOMPAT /IMPLIB:"D:\Studia\SG Systemy Graficzne\L4 GLSL Tesselation Stud\Debug\tessmodes_dbg.lib" /MACHINE:X86 tessmodes_Debug\tessmodes.res
         tessmodes_Debug\TesselationModes.obj
         tessmodes.vcxproj -> D:\Studia\SG Systemy Graficzne\L4 GLSL Tesselation Stud\Debug\tessmodes_dbg.exe
     1>Done Building Project "D:\Studia\SG Systemy Graficzne\L4 GLSL Tesselation Stud\tessmodes.vcxproj" (Build target(s)).

Build succeeded.

Time Elapsed 00:00:00.62
