Build started 14.10.2019 20:43:34.
     1>Project "D:\Studia\SG Systemy Graficzne\Lab2Stud\L2 GLSL shaders Stud\lighting.vcxproj" on node 2 (Build target(s)).
     1>ClCompile:
         D:\Programy\Visual Studio 2012 Express\VC\bin\CL.exe /c /Zi /nologo /W3 /WX- /O2 /Oy- /D WIN32 /D NDEBUG /D _CONSOLE /D _VC80_UPGRADE=0x0710 /D _MBCS /Gm- /EHsc /MT /GS /fp:precise /Zc:wchar_t /Zc:forScope /Fo"Release\\" /Fd"Release\vc110.pdb" /Gd /TP /analyze- /errorReport:prompt lighting.cpp
         lighting.cpp
     1>lighting.cpp(62): warning C4996: 'fopen': This function or variable may be unsafe. Consider using fopen_s instead. To disable deprecation, use _CRT_SECURE_NO_WARNINGS. See online help for details.
                 D:\Programy\Visual Studio 2012 Express\VC\include\stdio.h(218) : see declaration of 'fopen'
     1>lighting.cpp(141): warning C4996: 'sprintf': This function or variable may be unsafe. Consider using sprintf_s instead. To disable deprecation, use _CRT_SECURE_NO_WARNINGS. See online help for details.
                 D:\Programy\Visual Studio 2012 Express\VC\include\stdio.h(357) : see declaration of 'sprintf'
     1>lighting.cpp(153): warning C4996: 'sprintf': This function or variable may be unsafe. Consider using sprintf_s instead. To disable deprecation, use _CRT_SECURE_NO_WARNINGS. See online help for details.
                 D:\Programy\Visual Studio 2012 Express\VC\include\stdio.h(357) : see declaration of 'sprintf'
     1>lighting.cpp(405): warning C4996: 'sprintf': This function or variable may be unsafe. Consider using sprintf_s instead. To disable deprecation, use _CRT_SECURE_NO_WARNINGS. See online help for details.
                 D:\Programy\Visual Studio 2012 Express\VC\include\stdio.h(357) : see declaration of 'sprintf'
     1>lighting.cpp(408): warning C4305: 'initializing' : truncation from 'double' to 'GLfloat'
     1>lighting.cpp(446): warning C4305: '+=' : truncation from 'double' to 'GLfloat'
     1>lighting.cpp(451): warning C4305: '-=' : truncation from 'double' to 'GLfloat'
       Link:
         D:\Programy\Visual Studio 2012 Express\VC\bin\link.exe /ERRORREPORT:PROMPT /OUT:"Release\lighting.exe" /INCREMENTAL:NO /NOLOGO /LIBPATH:..\shared kernel32.lib user32.lib gdi32.lib winspool.lib comdlg32.lib advapi32.lib shell32.lib ole32.lib oleaut32.lib uuid.lib odbc32.lib odbccp32.lib /MANIFEST /MANIFESTUAC:"level='asInvoker' uiAccess='false'" /manifest:embed /DEBUG /PDB:"Release\lighting.pdb" /SUBSYSTEM:CONSOLE /OPT:REF /OPT:ICF /TLBID:1 /DYNAMICBASE:NO /IMPLIB:"Release\lighting.lib" /MACHINE:X86 /SAFESEH Release\lighting.obj
         Release\GLee.obj
         Release\gltools.obj
         Release\math3d.obj
         lighting.vcxproj -> D:\Studia\SG Systemy Graficzne\Lab2Stud\L2 GLSL shaders Stud\Release\lighting.exe
     1>Done Building Project "D:\Studia\SG Systemy Graficzne\Lab2Stud\L2 GLSL shaders Stud\lighting.vcxproj" (Build target(s)).

Build succeeded.

Time Elapsed 00:00:00.80
