Build started 21.10.2019 00:41:52.
     1>Project "D:\Studia\SG Systemy Graficzne\L3 GLSL shaders2 Stud\LitTexture.vcxproj" on node 2 (Build target(s)).
     1>ClCompile:
         D:\Programy\Visual Studio 2012 Express\VC\bin\CL.exe /c /I.\GLUT /I.\GLTools\include\GL /I.\GLTools\include /Zi /nologo /W3 /WX- /O2 /Oi /Oy- /GL /D WIN32 /D NDEBUG /D _CONSOLE /D _MBCS /Gm- /EHsc /MT /GS /Gy /fp:precise /Zc:wchar_t /Zc:forScope /Fo"Release\\" /Fd"Release\vc110.pdb" /Gd /TP /analyze- /errorReport:prompt LitTexture.cpp
         LitTexture.cpp
     1>LitTexture.cpp(109): warning C4996: 'sprintf': This function or variable may be unsafe. Consider using sprintf_s instead. To disable deprecation, use _CRT_SECURE_NO_WARNINGS. See online help for details.
                 D:\Programy\Visual Studio 2012 Express\VC\include\stdio.h(357) : see declaration of 'sprintf'
     1>LitTexture.cpp(110): warning C4996: 'sprintf': This function or variable may be unsafe. Consider using sprintf_s instead. To disable deprecation, use _CRT_SECURE_NO_WARNINGS. See online help for details.
                 D:\Programy\Visual Studio 2012 Express\VC\include\stdio.h(357) : see declaration of 'sprintf'
     1>LitTexture.cpp(224): warning C4996: 'sprintf': This function or variable may be unsafe. Consider using sprintf_s instead. To disable deprecation, use _CRT_SECURE_NO_WARNINGS. See online help for details.
                 D:\Programy\Visual Studio 2012 Express\VC\include\stdio.h(357) : see declaration of 'sprintf'
     1>LitTexture.cpp(251): warning C4305: '+=' : truncation from 'double' to 'GLfloat'
     1>LitTexture.cpp(256): warning C4305: '-=' : truncation from 'double' to 'GLfloat'
     1>LitTexture.cpp(272): warning C4305: 'argument' : truncation from 'double' to 'float'
     1>LitTexture.cpp(275): warning C4305: 'argument' : truncation from 'double' to 'float'
       Link:
         D:\Programy\Visual Studio 2012 Express\VC\bin\link.exe /ERRORREPORT:PROMPT /OUT:"D:\Studia\SG Systemy Graficzne\L3 GLSL shaders2 Stud\Release\LitTexture.exe" /INCREMENTAL:NO /NOLOGO kernel32.lib user32.lib gdi32.lib winspool.lib comdlg32.lib advapi32.lib shell32.lib ole32.lib oleaut32.lib uuid.lib odbc32.lib odbccp32.lib /MANIFEST /MANIFESTUAC:"level='asInvoker' uiAccess='false'" /manifest:embed /DEBUG /PDB:"D:\Studia\SG Systemy Graficzne\L3 GLSL shaders2 Stud\Release\LitTexture.pdb" /SUBSYSTEM:CONSOLE /OPT:REF /OPT:ICF /LTCG /TLBID:1 /DYNAMICBASE /NXCOMPAT /IMPLIB:"D:\Studia\SG Systemy Graficzne\L3 GLSL shaders2 Stud\Release\LitTexture.lib" /MACHINE:X86 /SAFESEH Release\GLBatch.obj
         Release\glew.obj
         Release\GLShaderManager.obj
         Release\GLTools.obj
         Release\GLTriangleBatch.obj
         Release\math3d.obj
         Release\LitTexture.obj
         GLUT\freeglut_static.lib
            Creating library D:\Studia\SG Systemy Graficzne\L3 GLSL shaders2 Stud\Release\LitTexture.lib and object D:\Studia\SG Systemy Graficzne\L3 GLSL shaders2 Stud\Release\LitTexture.exp
         Generating code
         Finished generating code
         LitTexture.vcxproj -> D:\Studia\SG Systemy Graficzne\L3 GLSL shaders2 Stud\Release\LitTexture.exe
     1>Done Building Project "D:\Studia\SG Systemy Graficzne\L3 GLSL shaders2 Stud\LitTexture.vcxproj" (Build target(s)).

Build succeeded.

Time Elapsed 00:00:01.63
