Build started 13.10.2019 20:05:43.
     1>Project "D:\Studia\SG Systemy Graficzne\Lab2Stud\L2 GLSL shaders Stud\lighting.vcxproj" on node 2 (Build target(s)).
     1>ClCompile:
         D:\Programy\Visual Studio 2012 Express\VC\bin\CL.exe /c /ZI /nologo /W3 /WX- /Od /Oy- /D WIN32 /D _DEBUG /D _CONSOLE /D _VC80_UPGRADE=0x0710 /D _MBCS /Gm /EHsc /RTC1 /MTd /GS /fp:precise /Zc:wchar_t /Zc:forScope /Fo"Debug\\" /Fd"Debug\vc110.pdb" /Gd /TP /analyze- /errorReport:prompt lighting.cpp ..\shared\gltools.cpp ..\shared\math3d.cpp
         math3d.cpp
         gltools.cpp
     1>d:\studia\sg systemy graficzne\lab2stud\shared\gltools.cpp(431): warning C4996: 'fopen': This function or variable may be unsafe. Consider using fopen_s instead. To disable deprecation, use _CRT_SECURE_NO_WARNINGS. See online help for details.
                 d:\programy\visual studio 2012 express\vc\include\stdio.h(218) : see declaration of 'fopen'
     1>d:\studia\sg systemy graficzne\lab2stud\shared\gltools.cpp(474): warning C4996: 'fopen': This function or variable may be unsafe. Consider using fopen_s instead. To disable deprecation, use _CRT_SECURE_NO_WARNINGS. See online help for details.
                 d:\programy\visual studio 2012 express\vc\include\stdio.h(218) : see declaration of 'fopen'
     1>d:\studia\sg systemy graficzne\lab2stud\shared\gltools.cpp(565): warning C4996: 'fopen': This function or variable may be unsafe. Consider using fopen_s instead. To disable deprecation, use _CRT_SECURE_NO_WARNINGS. See online help for details.
                 d:\programy\visual studio 2012 express\vc\include\stdio.h(218) : see declaration of 'fopen'
         lighting.cpp
     1>d:\studia\sg systemy graficzne\lab2stud\l2 glsl shaders stud\lighting.cpp(62): warning C4996: 'fopen': This function or variable may be unsafe. Consider using fopen_s instead. To disable deprecation, use _CRT_SECURE_NO_WARNINGS. See online help for details.
                 d:\programy\visual studio 2012 express\vc\include\stdio.h(218) : see declaration of 'fopen'
     1>d:\studia\sg systemy graficzne\lab2stud\l2 glsl shaders stud\lighting.cpp(79): warning C4101: 'success' : unreferenced local variable
     1>d:\studia\sg systemy graficzne\lab2stud\l2 glsl shaders stud\lighting.cpp(135): warning C4996: 'sprintf': This function or variable may be unsafe. Consider using sprintf_s instead. To disable deprecation, use _CRT_SECURE_NO_WARNINGS. See online help for details.
                 d:\programy\visual studio 2012 express\vc\include\stdio.h(357) : see declaration of 'sprintf'
     1>d:\studia\sg systemy graficzne\lab2stud\l2 glsl shaders stud\lighting.cpp(132): warning C4101: 'success' : unreferenced local variable
     1>d:\studia\sg systemy graficzne\lab2stud\l2 glsl shaders stud\lighting.cpp(214): warning C4101: 'uniformLoc' : unreferenced local variable
     1>d:\studia\sg systemy graficzne\lab2stud\l2 glsl shaders stud\lighting.cpp(303): warning C4101: 'success' : unreferenced local variable
     1>d:\studia\sg systemy graficzne\lab2stud\l2 glsl shaders stud\lighting.cpp(381): warning C4996: 'sprintf': This function or variable may be unsafe. Consider using sprintf_s instead. To disable deprecation, use _CRT_SECURE_NO_WARNINGS. See online help for details.
                 d:\programy\visual studio 2012 express\vc\include\stdio.h(357) : see declaration of 'sprintf'
         Generating Code...
         D:\Programy\Visual Studio 2012 Express\VC\bin\CL.exe /c /ZI /nologo /W3 /WX- /Od /Oy- /D WIN32 /D _DEBUG /D _CONSOLE /D _VC80_UPGRADE=0x0710 /D _MBCS /Gm /EHsc /RTC1 /MTd /GS /fp:precise /Zc:wchar_t /Zc:forScope /Fo"Debug\\" /Fd"Debug\vc110.pdb" /Gd /TC /analyze- /errorReport:prompt ..\shared\GLee.c
         GLee.c
     1>d:\studia\sg systemy graficzne\lab2stud\shared\glee.c(9306): warning C4996: 'strcpy': This function or variable may be unsafe. Consider using strcpy_s instead. To disable deprecation, use _CRT_SECURE_NO_WARNINGS. See online help for details.
                 d:\programy\visual studio 2012 express\vc\include\string.h(110) : see declaration of 'strcpy'
     1>d:\studia\sg systemy graficzne\lab2stud\shared\glee.c(9374): warning C4996: 'sprintf': This function or variable may be unsafe. Consider using sprintf_s instead. To disable deprecation, use _CRT_SECURE_NO_WARNINGS. See online help for details.
                 d:\programy\visual studio 2012 express\vc\include\stdio.h(357) : see declaration of 'sprintf'
       Link:
         D:\Programy\Visual Studio 2012 Express\VC\bin\link.exe /ERRORREPORT:PROMPT /OUT:"Debug\lighting.exe" /INCREMENTAL /NOLOGO /LIBPATH:..\..\..\..\src\shared kernel32.lib user32.lib gdi32.lib winspool.lib comdlg32.lib advapi32.lib shell32.lib ole32.lib oleaut32.lib uuid.lib odbc32.lib odbccp32.lib /NODEFAULTLIB:libc /MANIFEST /MANIFESTUAC:"level='asInvoker' uiAccess='false'" /manifest:embed /DEBUG /PDB:"Debug\lighting.pdb" /SUBSYSTEM:CONSOLE /TLBID:1 /DYNAMICBASE:NO /IMPLIB:"Debug\lighting.lib" /MACHINE:X86 /SAFESEH Debug\lighting.obj
         Debug\GLee.obj
         Debug\gltools.obj
         Debug\math3d.obj
     1>lighting.obj : warning LNK4075: ignoring '/EDITANDCONTINUE' due to '/SAFESEH' specification
     1>LINK : fatal error LNK1104: cannot open file 'freeglut_static.lib'
     1>Done Building Project "D:\Studia\SG Systemy Graficzne\Lab2Stud\L2 GLSL shaders Stud\lighting.vcxproj" (Build target(s)) -- FAILED.

Build FAILED.

Time Elapsed 00:00:01.39
